[debug] [2020-11-26T19:42:45.811Z] ----------------------------------------------------------------------
[debug] [2020-11-26T19:42:45.813Z] Command:       D:\NodeJs\node.exe C:\Users\apsky\AppData\Roaming\npm\node_modules\firebase-tools\lib\bin\firebase.js emulators:start
[debug] [2020-11-26T19:42:45.813Z] CLI Version:   8.16.2
[debug] [2020-11-26T19:42:45.813Z] Platform:      win32
[debug] [2020-11-26T19:42:45.813Z] Node Version:  v12.13.0
[debug] [2020-11-26T19:42:45.814Z] Time:          Thu Nov 26 2020 22:42:45 GMT+0300 (GMT+03:00)
[debug] [2020-11-26T19:42:45.814Z] ----------------------------------------------------------------------
[debug] [2020-11-26T19:42:45.814Z] 
[debug] [2020-11-26T19:42:45.819Z] > command requires scopes: ["email","openid","https://www.googleapis.com/auth/cloudplatformprojects.readonly","https://www.googleapis.com/auth/firebase","https://www.googleapis.com/auth/cloud-platform"]
[debug] [2020-11-26T19:42:45.819Z] > authorizing via signed-in user
[info] i  emulators: Starting emulators: functions, hosting {"metadata":{"emulator":{"name":"hub"},"message":"Starting emulators: functions, hosting"}}
[debug] [2020-11-26T19:42:47.830Z] [hub] writing locator at C:\Users\apsky\AppData\Local\Temp\hub-react-b1494.json
[warn] !  functions: The following emulators are not running, calls to these services from the Functions emulator will affect production: auth, firestore, database, pubsub {"metadata":{"emulator":{"name":"functions"},"message":"The following emulators are not running, calls to these services from the Functions emulator will affect production: \u001b[1mauth, firestore, database, pubsub\u001b[22m"}}
[info] +  functions: Using node@12 from host. {"metadata":{"emulator":{"name":"functions"},"message":"Using node@12 from host."}}
[debug] [2020-11-26T19:42:49.841Z] defaultcredentials: writing to file C:\Users\apsky\AppData\Roaming\firebase\ap_sky_yandex.ru_application_default_credentials.json
[debug] [2020-11-26T19:42:49.842Z] Setting GAC to C:\Users\apsky\AppData\Roaming\firebase\ap_sky_yandex.ru_application_default_credentials.json {"metadata":{"emulator":{"name":"functions"},"message":"Setting GAC to C:\\Users\\apsky\\AppData\\Roaming\\firebase\\ap_sky_yandex.ru_application_default_credentials.json"}}
[debug] [2020-11-26T19:42:51.850Z] > refreshing access token with scopes: ["email","https://www.googleapis.com/auth/cloud-platform","https://www.googleapis.com/auth/cloudplatformprojects.readonly","https://www.googleapis.com/auth/firebase","openid"]
[debug] [2020-11-26T19:42:51.850Z] >>> HTTP REQUEST POST https://www.googleapis.com/oauth2/v3/token  
 <request body omitted>
[debug] [2020-11-26T19:42:51.957Z] <<< HTTP RESPONSE 200 {"pragma":"no-cache","expires":"Mon, 01 Jan 1990 00:00:00 GMT","date":"Thu, 26 Nov 2020 19:42:51 GMT","cache-control":"no-cache, no-store, max-age=0, must-revalidate","content-type":"application/json; charset=utf-8","vary":"X-Origin, Referer, Origin,Accept-Encoding","server":"scaffolding on HTTPServer2","x-xss-protection":"0","x-frame-options":"SAMEORIGIN","x-content-type-options":"nosniff","alt-svc":"h3-29=\":443\"; ma=2592000,h3-T051=\":443\"; ma=2592000,h3-Q050=\":443\"; ma=2592000,h3-Q046=\":443\"; ma=2592000,h3-Q043=\":443\"; ma=2592000,quic=\":443\"; ma=2592000; v=\"46,43\"","accept-ranges":"none","transfer-encoding":"chunked"}
[debug] [2020-11-26T19:42:51.972Z] >>> HTTP REQUEST GET https://firebase.googleapis.com/v1beta1/projects/react-b1494/webApps/-/config  
 
[debug] [2020-11-26T19:42:52.880Z] <<< HTTP RESPONSE 200 {"content-type":"application/json; charset=UTF-8","vary":"X-Origin, Referer, Origin,Accept-Encoding","date":"Thu, 26 Nov 2020 19:42:52 GMT","server":"ESF","cache-control":"private","x-xss-protection":"0","x-frame-options":"SAMEORIGIN","x-content-type-options":"nosniff","alt-svc":"h3-29=\":443\"; ma=2592000,h3-T051=\":443\"; ma=2592000,h3-Q050=\":443\"; ma=2592000,h3-Q046=\":443\"; ma=2592000,h3-Q043=\":443\"; ma=2592000,quic=\":443\"; ma=2592000; v=\"46,43\"","accept-ranges":"none","transfer-encoding":"chunked"}
[info] i  hosting: Serving hosting files from: build {"metadata":{"emulator":{"name":"hosting"},"message":"Serving hosting files from: \u001b[1mbuild\u001b[22m"}}
[info] +  hosting: Local server: http://localhost:5000 {"metadata":{"emulator":{"name":"hosting"},"message":"Local server: \u001b[4m\u001b[1mhttp://localhost:5000\u001b[22m\u001b[24m"}}
[debug] [2020-11-26T19:42:56.905Z] Ignoring unsupported arg: auto_download {"metadata":{"emulator":{"name":"ui"},"message":"Ignoring unsupported arg: auto_download"}}
[debug] [2020-11-26T19:42:56.905Z] Ignoring unsupported arg: port {"metadata":{"emulator":{"name":"ui"},"message":"Ignoring unsupported arg: port"}}
[debug] [2020-11-26T19:42:56.906Z] Starting Emulator UI with command {"binary":"node","args":["C:\\Users\\apsky\\.cache\\firebase\\emulators\\ui-v1.2.2\\server.bundle.js"],"optionalArgs":[],"joinArgs":false} {"metadata":{"emulator":{"name":"ui"},"message":"Starting Emulator UI with command {\"binary\":\"node\",\"args\":[\"C:\\\\Users\\\\apsky\\\\.cache\\\\firebase\\\\emulators\\\\ui-v1.2.2\\\\server.bundle.js\"],\"optionalArgs\":[],\"joinArgs\":false}"}}
[info] i  ui: Emulator UI logging to ui-debug.log {"metadata":{"emulator":{"name":"ui"},"message":"Emulator UI logging to \u001b[1mui-debug.log\u001b[22m"}}
[debug] [2020-11-26T19:42:56.974Z] Web / API server started at http://localhost:4000
 {"metadata":{"emulator":{"name":"ui"},"message":"Web / API server started at http://localhost:4000\n"}}
[info] i  functions: Watching "C:\OpenServer\domains\react-amazon\functions" for Cloud Functions... {"metadata":{"emulator":{"name":"functions"},"message":"Watching \"C:\\OpenServer\\domains\\react-amazon\\functions\" for Cloud Functions..."}}
[debug] [2020-11-26T19:42:57.418Z] [worker-pool] addWorker(~diagnostic~) {"metadata":{"emulator":{"name":"functions"},"message":"[worker-pool] addWorker(~diagnostic~)"}}
[debug] [2020-11-26T19:42:57.418Z] [worker-pool] Adding worker with key ~diagnostic~, total=1 {"metadata":{"emulator":{"name":"functions"},"message":"[worker-pool] Adding worker with key ~diagnostic~, total=1"}}
[debug] [2020-11-26T19:42:57.418Z] [worker-pool] submitWork(triggerId=) {"metadata":{"emulator":{"name":"functions"},"message":"[worker-pool] submitWork(triggerId=)"}}
[debug] [2020-11-26T19:42:57.418Z] [worker-~diagnostic~-994961d7-2d3a-488b-b8ef-a9d730507507]: Assigning socketPath: \\?\pipe\C:\OpenServer\domains\react-amazon\functions\8572 {"metadata":{"emulator":{"name":"functions"},"message":"[worker-~diagnostic~-994961d7-2d3a-488b-b8ef-a9d730507507]: Assigning socketPath: \\\\?\\pipe\\C:\\OpenServer\\domains\\react-amazon\\functions\\8572"}}
[debug] [2020-11-26T19:42:57.418Z] [worker-~diagnostic~-994961d7-2d3a-488b-b8ef-a9d730507507]: BUSY {"metadata":{"emulator":{"name":"functions"},"message":"[worker-~diagnostic~-994961d7-2d3a-488b-b8ef-a9d730507507]: BUSY"}}
[debug] [2020-11-26T19:42:57.652Z] [runtime-status] [8572] Functions runtime initialized. {"cwd":"C:\\OpenServer\\domains\\react-amazon\\functions","node_version":"12.13.0"} {"metadata":{"emulator":{"name":"functions"},"message":"[runtime-status] [8572] Functions runtime initialized. {\"cwd\":\"C:\\\\OpenServer\\\\domains\\\\react-amazon\\\\functions\",\"node_version\":\"12.13.0\"}"}}
[debug] [2020-11-26T19:42:57.653Z] [runtime-status] [8572] Disabled runtime features: undefined {"metadata":{"emulator":{"name":"functions"},"message":"[runtime-status] [8572] Disabled runtime features: undefined"}}
[debug] [2020-11-26T19:42:57.655Z] [runtime-status] [8572] Resolved module firebase-admin {"declared":true,"installed":true,"version":"9.4.1","resolution":"C:\\OpenServer\\domains\\react-amazon\\functions\\node_modules\\firebase-admin\\lib\\index.js"} {"metadata":{"emulator":{"name":"functions"},"message":"[runtime-status] [8572] Resolved module firebase-admin {\"declared\":true,\"installed\":true,\"version\":\"9.4.1\",\"resolution\":\"C:\\\\OpenServer\\\\domains\\\\react-amazon\\\\functions\\\\node_modules\\\\firebase-admin\\\\lib\\\\index.js\"}"}}
[debug] [2020-11-26T19:42:57.656Z] [runtime-status] [8572] Resolved module firebase-functions {"declared":true,"installed":true,"version":"3.11.0","resolution":"C:\\OpenServer\\domains\\react-amazon\\functions\\node_modules\\firebase-functions\\lib\\index.js"} {"metadata":{"emulator":{"name":"functions"},"message":"[runtime-status] [8572] Resolved module firebase-functions {\"declared\":true,\"installed\":true,\"version\":\"3.11.0\",\"resolution\":\"C:\\\\OpenServer\\\\domains\\\\react-amazon\\\\functions\\\\node_modules\\\\firebase-functions\\\\lib\\\\index.js\"}"}}
[debug] [2020-11-26T19:42:57.656Z] [runtime-status] [8572] Resolved module firebase-functions {"declared":true,"installed":true,"version":"3.11.0","resolution":"C:\\OpenServer\\domains\\react-amazon\\functions\\node_modules\\firebase-functions\\lib\\index.js"} {"metadata":{"emulator":{"name":"functions"},"message":"[runtime-status] [8572] Resolved module firebase-functions {\"declared\":true,\"installed\":true,\"version\":\"3.11.0\",\"resolution\":\"C:\\\\OpenServer\\\\domains\\\\react-amazon\\\\functions\\\\node_modules\\\\firebase-functions\\\\lib\\\\index.js\"}"}}
[debug] [2020-11-26T19:42:57.657Z] [runtime-status] [8572] Outgoing network have been stubbed. [{"name":"http","status":"mocked"},{"name":"http","status":"mocked"},{"name":"https","status":"mocked"},{"name":"https","status":"mocked"},{"name":"net","status":"mocked"}] {"metadata":{"emulator":{"name":"functions"},"message":"[runtime-status] [8572] Outgoing network have been stubbed. [{\"name\":\"http\",\"status\":\"mocked\"},{\"name\":\"http\",\"status\":\"mocked\"},{\"name\":\"https\",\"status\":\"mocked\"},{\"name\":\"https\",\"status\":\"mocked\"},{\"name\":\"net\",\"status\":\"mocked\"}]"}}
[debug] [2020-11-26T19:42:57.657Z] [runtime-status] [8572] Resolved module firebase-functions {"declared":true,"installed":true,"version":"3.11.0","resolution":"C:\\OpenServer\\domains\\react-amazon\\functions\\node_modules\\firebase-functions\\lib\\index.js"} {"metadata":{"emulator":{"name":"functions"},"message":"[runtime-status] [8572] Resolved module firebase-functions {\"declared\":true,\"installed\":true,\"version\":\"3.11.0\",\"resolution\":\"C:\\\\OpenServer\\\\domains\\\\react-amazon\\\\functions\\\\node_modules\\\\firebase-functions\\\\lib\\\\index.js\"}"}}
[debug] [2020-11-26T19:42:57.684Z] [runtime-status] [8572] Checked functions.config() {"config":{}} {"metadata":{"emulator":{"name":"functions"},"message":"[runtime-status] [8572] Checked functions.config() {\"config\":{}}"}}
[debug] [2020-11-26T19:42:57.685Z] [runtime-status] [8572] firebase-functions has been stubbed. {"functionsResolution":{"declared":true,"installed":true,"version":"3.11.0","resolution":"C:\\OpenServer\\domains\\react-amazon\\functions\\node_modules\\firebase-functions\\lib\\index.js"}} {"metadata":{"emulator":{"name":"functions"},"message":"[runtime-status] [8572] firebase-functions has been stubbed. {\"functionsResolution\":{\"declared\":true,\"installed\":true,\"version\":\"3.11.0\",\"resolution\":\"C:\\\\OpenServer\\\\domains\\\\react-amazon\\\\functions\\\\node_modules\\\\firebase-functions\\\\lib\\\\index.js\"}}"}}
[debug] [2020-11-26T19:42:57.685Z] [runtime-status] [8572] Resolved module firebase-functions {"declared":true,"installed":true,"version":"3.11.0","resolution":"C:\\OpenServer\\domains\\react-amazon\\functions\\node_modules\\firebase-functions\\lib\\index.js"} {"metadata":{"emulator":{"name":"functions"},"message":"[runtime-status] [8572] Resolved module firebase-functions {\"declared\":true,\"installed\":true,\"version\":\"3.11.0\",\"resolution\":\"C:\\\\OpenServer\\\\domains\\\\react-amazon\\\\functions\\\\node_modules\\\\firebase-functions\\\\lib\\\\index.js\"}"}}
[debug] [2020-11-26T19:42:57.685Z] [runtime-status] [8572] Resolved module firebase-admin {"declared":true,"installed":true,"version":"9.4.1","resolution":"C:\\OpenServer\\domains\\react-amazon\\functions\\node_modules\\firebase-admin\\lib\\index.js"} {"metadata":{"emulator":{"name":"functions"},"message":"[runtime-status] [8572] Resolved module firebase-admin {\"declared\":true,\"installed\":true,\"version\":\"9.4.1\",\"resolution\":\"C:\\\\OpenServer\\\\domains\\\\react-amazon\\\\functions\\\\node_modules\\\\firebase-admin\\\\lib\\\\index.js\"}"}}
[debug] [2020-11-26T19:42:57.686Z] [runtime-status] [8572] Resolved module firebase-functions {"declared":true,"installed":true,"version":"3.11.0","resolution":"C:\\OpenServer\\domains\\react-amazon\\functions\\node_modules\\firebase-functions\\lib\\index.js"} {"metadata":{"emulator":{"name":"functions"},"message":"[runtime-status] [8572] Resolved module firebase-functions {\"declared\":true,\"installed\":true,\"version\":\"3.11.0\",\"resolution\":\"C:\\\\OpenServer\\\\domains\\\\react-amazon\\\\functions\\\\node_modules\\\\firebase-functions\\\\lib\\\\index.js\"}"}}
[debug] [2020-11-26T19:42:57.686Z] [runtime-status] [8572] firebase-admin has been stubbed. {"adminResolution":{"declared":true,"installed":true,"version":"9.4.1","resolution":"C:\\OpenServer\\domains\\react-amazon\\functions\\node_modules\\firebase-admin\\lib\\index.js"}} {"metadata":{"emulator":{"name":"functions"},"message":"[runtime-status] [8572] firebase-admin has been stubbed. {\"adminResolution\":{\"declared\":true,\"installed\":true,\"version\":\"9.4.1\",\"resolution\":\"C:\\\\OpenServer\\\\domains\\\\react-amazon\\\\functions\\\\node_modules\\\\firebase-admin\\\\lib\\\\index.js\"}}"}}
[info] +  functions[api]: http function initialized (http://localhost:5001/react-b1494/us-central1/api). {"metadata":{"emulator":{"name":"functions"},"message":"\u001b[1mhttp\u001b[22m function initialized (http://localhost:5001/react-b1494/us-central1/api)."}}
[info] 
┌────────────────────────────────────────────────────────────────┐
│ ✔  All emulators ready! View status and logs at localhost:4000 │
└────────────────────────────────────────────────────────────────┘

┌───────────┬────────────────┬──────────────────────────┐
│ Emulator  │ Host:Port      │ View in Emulator UI      │
├───────────┼────────────────┼──────────────────────────┤
│ Functions │ localhost:5001 │ localhost:4000/functions │
├───────────┼────────────────┼──────────────────────────┤
│ Hosting   │ localhost:5000 │ n/a                      │
└───────────┴────────────────┴──────────────────────────┘
  Other reserved ports: 4400, 4500

Issues? Report them at https://github.com/firebase/firebase-tools/issues and attach the *-debug.log files.
 
[debug] [2020-11-26T19:42:57.778Z] [worker-~diagnostic~-994961d7-2d3a-488b-b8ef-a9d730507507]: IDLE {"metadata":{"emulator":{"name":"functions"},"message":"[worker-~diagnostic~-994961d7-2d3a-488b-b8ef-a9d730507507]: IDLE"}}
